<?xml version="1.0" encoding="UTF-8"?>
<!-- Generated by org.testng.reporters.JUnitXMLReporter -->
<testsuite ignored="4" hostname="LAPTOP-SBMFI0I6" failures="1" tests="7" name="Command line test" time="17.721" errors="0" timestamp="2021-11-03T16:58:26 IST">
  <testcase classname="newtours.tests.BookFlightTest" name="@BeforeTest setupParameters" time="-1.635938906752E9">
    <failure type="org.testng.TestNGException" message="
Parameter &amp;apos;noOfPassengers&amp;apos; is required by BeforeTest on method setupParameters but has not been marked @Optional or defined
">
      <![CDATA[org.testng.TestNGException: 
Parameter 'noOfPassengers' is required by BeforeTest on method setupParameters but has not been marked @Optional or defined

... Removed 31 stack frames]]>
    </failure>
  </testcase> <!-- @BeforeTest setupParameters -->
  <testcase classname="testBase.BaseTest" name="@AfterTest tearDown" time="-1.635938906788E9">
    <skipped/>
  </testcase> <!-- @AfterTest tearDown -->
  <testcase classname="com.tests.SampleTest" name="openLinkInNewTab" time="0.0">
    <skipped/>
  </testcase> <!-- openLinkInNewTab -->
  <testcase classname="newtours.tests.BookFlightTest" name="registrationPage" time="0.0">
    <skipped/>
  </testcase> <!-- registrationPage -->
  <testcase classname="newtours.tests.BookFlightTest" name="registrationConfirmationPage" time="0.0">
    <skipped/>
  </testcase> <!-- registrationConfirmationPage -->
  <testcase classname="newtours.tests.BookFlightTest" name="flightDetailsPage" time="0.0">
    <skipped/>
  </testcase> <!-- flightDetailsPage -->
  <testcase classname="newtours.tests.BookFlightTest" name="findFlightPage" time="0.0">
    <skipped/>
  </testcase> <!-- findFlightPage -->
  <testcase classname="newtours.tests.BookFlightTest" name="flightConfirmationPage" time="0.0">
    <skipped/>
  </testcase> <!-- flightConfirmationPage -->
  <testcase classname="searchmodule.tests.SearchTest" name="search" time="0.0">
    <failure type="org.testng.TestNGException" message="
Parameter &amp;apos;keyword&amp;apos; is required by @Test on method search but has not been marked @Optional or defined
">
      <![CDATA[org.testng.TestNGException: 
Parameter 'keyword' is required by @Test on method search but has not been marked @Optional or defined

at java.base/java.util.ArrayList.forEach(ArrayList.java:1511)
... Removed 36 stack frames]]>
    </failure>
  </testcase> <!-- search -->
  <testcase classname="testBase.BaseTest" name="@BeforeTest LaunchApplication" time="0.0">
    <ignored/>
  </testcase> <!-- @BeforeTest LaunchApplication -->
  <testcase classname="testBase.BaseTest" name="@BeforeTest LaunchApplication" time="0.0">
    <ignored/>
  </testcase> <!-- @BeforeTest LaunchApplication -->
  <testcase classname="testBase.BaseTest" name="@AfterTest tearDown" time="0.0">
    <ignored/>
  </testcase> <!-- @AfterTest tearDown -->
  <testcase classname="testBase.BaseTest" name="@AfterTest tearDown" time="0.0">
    <ignored/>
  </testcase> <!-- @AfterTest tearDown -->
</testsuite> <!-- Command line test -->
