<!DOCTYPE html PUBLIC "-//W3C//DTD XHTML 1.1//EN" "http://www.w3.org/TR/xhtml11/DTD/xhtml11.dtd">
<html xmlns="http://www.w3.org/1999/xhtml">
<head>
<meta http-equiv="content-type" content="text/html; charset=UTF-8"/>
<title>TestNG Report</title>
<style type="text/css">table {margin-bottom:10px;border-collapse:collapse;empty-cells:show}th,td {border:1px solid #009;padding:.25em .5em}th {vertical-align:bottom}td {vertical-align:top}table a {font-weight:bold}.stripe td {background-color: #E6EBF9}.num {text-align:right}.passedodd td {background-color: #3F3}.passedeven td {background-color: #0A0}.skippedodd td {background-color: #DDD}.skippedeven td {background-color: #CCC}.failedodd td,.attn {background-color: #F33}.failedeven td,.stripe .attn {background-color: #D00}.stacktrace {white-space:pre;font-family:monospace}.totop {font-size:85%;text-align:center;border-bottom:2px solid #000}.invisible {display:none}</style>
</head>
<body>
<table>
<tr><th>Test</th><th># Passed</th><th># Skipped</th><th># Retried</th><th># Failed</th><th>Time (ms)</th><th>Included Groups</th><th>Excluded Groups</th></tr>
<tr><th colspan="8">Command line suite</th></tr>
<tr><td><a href="#t0">Command line test</a></td><td class="num">0</td><td class="num attn">6</td><td class="num">0</td><td class="num attn">1</td><td class="num">17,721</td><td></td><td></td></tr>
</table>
<table id='summary'><thead><tr><th>Class</th><th>Method</th><th>Start</th><th>Time (ms)</th></tr></thead><tbody><tr><th colspan="4">Command line suite</th></tr></tbody><tbody id="t0"><tr><th colspan="4">Command line test &#8212; failed (configuration methods)</th></tr><tr class="failedeven"><td rowspan="1">newtours.tests.BookFlightTest</td><td><a href="#m0">setupParameters</a></td><td rowspan="1">1635938906752</td><td rowspan="1">-1635938906752</td></tr><tr><th colspan="4">Command line test &#8212; failed</th></tr><tr class="failedeven"><td rowspan="1">searchmodule.tests.SearchTest</td><td><a href="#m1">search</a></td><td rowspan="1">1635938906786</td><td rowspan="1">0</td></tr><tr><th colspan="4">Command line test &#8212; skipped (configuration methods)</th></tr><tr class="skippedeven"><td rowspan="1">com.tests.SampleTest</td><td><a href="#m2">tearDown</a></td><td rowspan="1">1635938906788</td><td rowspan="1">-1635938906788</td></tr><tr><th colspan="4">Command line test &#8212; skipped</th></tr><tr class="skippedeven"><td rowspan="1">com.tests.SampleTest</td><td><a href="#m3">openLinkInNewTab</a></td><td rowspan="1">1635938906778</td><td rowspan="1">0</td></tr><tr class="skippedodd"><td rowspan="5">newtours.tests.BookFlightTest</td><td><a href="#m4">findFlightPage</a></td><td rowspan="1">1635938906783</td><td rowspan="1">0</td></tr><tr class="skippedodd"><td><a href="#m5">flightConfirmationPage</a></td><td rowspan="1">1635938906784</td><td rowspan="1">0</td></tr><tr class="skippedodd"><td><a href="#m6">flightDetailsPage</a></td><td rowspan="1">1635938906783</td><td rowspan="1">0</td></tr><tr class="skippedodd"><td><a href="#m7">registrationConfirmationPage</a></td><td rowspan="1">1635938906782</td><td rowspan="1">0</td></tr><tr class="skippedodd"><td><a href="#m8">registrationPage</a></td><td rowspan="1">1635938906782</td><td rowspan="1">0</td></tr></tbody>
</table>
<h2>Command line test</h2><h3 id="m0">newtours.tests.BookFlightTest#setupParameters</h3><table class="result"><tr><th>Exception</th></tr><tr><td><div class="stacktrace">org.testng.TestNGException: 
Parameter &apos;noOfPassengers&apos; is required by BeforeTest on method setupParameters but has not been marked @Optional or defined

... Removed 31 stack frames</div></td></tr></table><p class="totop"><a href="#summary">back to summary</a></p>
<h3 id="m1">searchmodule.tests.SearchTest#search</h3><table class="result"><tr><th>Exception</th></tr><tr><td><div class="stacktrace">org.testng.TestNGException: 
Parameter &apos;keyword&apos; is required by @Test on method search but has not been marked @Optional or defined

	at java.base/java.util.ArrayList.forEach(ArrayList.java:1511)
... Removed 36 stack frames</div></td></tr></table><p class="totop"><a href="#summary">back to summary</a></p>
<h3 id="m2">com.tests.SampleTest#tearDown</h3><table class="result"><tr><th class="invisible"/></tr></table><p class="totop"><a href="#summary">back to summary</a></p>
<h3 id="m3">com.tests.SampleTest#openLinkInNewTab</h3><table class="result"><tr><th>Exception</th></tr><tr><td><div class="stacktrace">org.testng.TestNGException: 
Parameter &apos;noOfPassengers&apos; is required by BeforeTest on method setupParameters but has not been marked @Optional or defined

... Removed 31 stack frames</div></td></tr></table><p class="totop"><a href="#summary">back to summary</a></p>
<h3 id="m4">newtours.tests.BookFlightTest#findFlightPage</h3><table class="result"><tr><th>Exception</th></tr><tr><td><div class="stacktrace">java.lang.Throwable: Method BookFlightTest.findFlightPage()[pri:0, instance:newtours.tests.BookFlightTest@2d1ef81a] depends on not successfully finished methods
	at java.base/java.util.ArrayList.forEach(ArrayList.java:1511)
... Removed 28 stack frames</div></td></tr></table><p class="totop"><a href="#summary">back to summary</a></p>
<h3 id="m5">newtours.tests.BookFlightTest#flightConfirmationPage</h3><table class="result"><tr><th>Exception</th></tr><tr><td><div class="stacktrace">java.lang.Throwable: Method BookFlightTest.flightConfirmationPage()[pri:0, instance:newtours.tests.BookFlightTest@2d1ef81a] depends on not successfully finished methods
	at java.base/java.util.ArrayList.forEach(ArrayList.java:1511)
... Removed 28 stack frames</div></td></tr></table><p class="totop"><a href="#summary">back to summary</a></p>
<h3 id="m6">newtours.tests.BookFlightTest#flightDetailsPage</h3><table class="result"><tr><th>Exception</th></tr><tr><td><div class="stacktrace">java.lang.Throwable: Method BookFlightTest.flightDetailsPage()[pri:0, instance:newtours.tests.BookFlightTest@2d1ef81a] depends on not successfully finished methods
	at java.base/java.util.ArrayList.forEach(ArrayList.java:1511)
... Removed 28 stack frames</div></td></tr></table><p class="totop"><a href="#summary">back to summary</a></p>
<h3 id="m7">newtours.tests.BookFlightTest#registrationConfirmationPage</h3><table class="result"><tr><th>Exception</th></tr><tr><td><div class="stacktrace">java.lang.Throwable: Method BookFlightTest.registrationConfirmationPage()[pri:0, instance:newtours.tests.BookFlightTest@2d1ef81a] depends on not successfully finished methods
	at java.base/java.util.ArrayList.forEach(ArrayList.java:1511)
... Removed 28 stack frames</div></td></tr></table><p class="totop"><a href="#summary">back to summary</a></p>
<h3 id="m8">newtours.tests.BookFlightTest#registrationPage</h3><table class="result"><tr><th>Exception</th></tr><tr><td><div class="stacktrace">org.testng.TestNGException: 
Parameter &apos;noOfPassengers&apos; is required by BeforeTest on method setupParameters but has not been marked @Optional or defined

... Removed 31 stack frames</div></td></tr></table><p class="totop"><a href="#summary">back to summary</a></p>
</body>
</html>
