<?xml version="1.0" encoding="UTF-8"?>
<testng-results ignored="0" total="10" passed="9" failed="1" skipped="0">
  <reporter-output>
  </reporter-output>
  <suite started-at="2021-11-03T20:06:38 IST" name="book-flight-module" finished-at="2021-11-03T20:07:33 IST" duration-ms="55406">
    <groups>
    </groups>
    <test started-at="2021-11-03T20:06:38 IST" name="book-flight-1" finished-at="2021-11-03T20:07:31 IST" duration-ms="53484">
      <class name="newtours.tests.BookFlightTest">
        <test-method is-config="true" signature="LaunchApplication()[pri:0, instance:newtours.tests.BookFlightTest@5ba3f27a]" started-at="2021-11-03T20:06:38 IST" name="LaunchApplication" finished-at="2021-11-03T20:07:25 IST" duration-ms="47340" status="PASS">
          <reporter-output>
          </reporter-output>
        </test-method> <!-- LaunchApplication -->
        <test-method is-config="true" signature="setupParameters(java.lang.String, java.lang.String)[pri:0, instance:newtours.tests.BookFlightTest@5ba3f27a]" started-at="2021-11-03T20:07:25 IST" name="setupParameters" finished-at="2021-11-03T20:07:25 IST" depends-on-methods="testBase.BaseTest.LaunchApplication" duration-ms="9" status="PASS">
          <params>
            <param index="0">
              <value>
                <![CDATA[1]]>
              </value>
            </param>
            <param index="1">
              <value>
                <![CDATA[$5849 USD]]>
              </value>
            </param>
          </params>
          <reporter-output>
          </reporter-output>
        </test-method> <!-- setupParameters -->
        <test-method signature="registrationPage()[pri:0, instance:newtours.tests.BookFlightTest@5ba3f27a]" started-at="2021-11-03T20:07:25 IST" name="registrationPage" finished-at="2021-11-03T20:07:27 IST" duration-ms="1427" status="PASS">
          <reporter-output>
          </reporter-output>
        </test-method> <!-- registrationPage -->
        <test-method signature="registrationConfirmationPage()[pri:0, instance:newtours.tests.BookFlightTest@5ba3f27a]" started-at="2021-11-03T20:07:27 IST" name="registrationConfirmationPage" finished-at="2021-11-03T20:07:27 IST" depends-on-methods="newtours.tests.BookFlightTest.registrationPage" duration-ms="402" status="PASS">
          <reporter-output>
          </reporter-output>
        </test-method> <!-- registrationConfirmationPage -->
        <test-method signature="flightDetailsPage()[pri:0, instance:newtours.tests.BookFlightTest@5ba3f27a]" started-at="2021-11-03T20:07:27 IST" name="flightDetailsPage" finished-at="2021-11-03T20:07:29 IST" depends-on-methods="newtours.tests.BookFlightTest.registrationConfirmationPage" duration-ms="1798" status="PASS">
          <reporter-output>
          </reporter-output>
        </test-method> <!-- flightDetailsPage -->
        <test-method signature="findFlightPage()[pri:0, instance:newtours.tests.BookFlightTest@5ba3f27a]" started-at="2021-11-03T20:07:29 IST" name="findFlightPage" finished-at="2021-11-03T20:07:29 IST" depends-on-methods="newtours.tests.BookFlightTest.flightDetailsPage" duration-ms="632" status="PASS">
          <reporter-output>
          </reporter-output>
        </test-method> <!-- findFlightPage -->
        <test-method signature="flightConfirmationPage()[pri:0, instance:newtours.tests.BookFlightTest@5ba3f27a]" started-at="2021-11-03T20:07:29 IST" name="flightConfirmationPage" finished-at="2021-11-03T20:07:30 IST" depends-on-methods="newtours.tests.BookFlightTest.findFlightPage" duration-ms="520" status="FAIL">
          <exception class="java.lang.AssertionError">
            <message>
              <![CDATA[expected [true] but found [false]]]>
            </message>
            <full-stacktrace>
              <![CDATA[java.lang.AssertionError: expected [true] but found [false]
at org.testng.Assert.fail(Assert.java:97)
at org.testng.Assert.failNotEquals(Assert.java:969)
at org.testng.Assert.assertTrue(Assert.java:43)
at org.testng.Assert.assertTrue(Assert.java:53)
at utils.ActionEngine.assertEqualsString_custom(ActionEngine.java:114)
at newtours.tests.BookFlightTest.flightConfirmationPage(BookFlightTest.java:56)
at java.base/jdk.internal.reflect.NativeMethodAccessorImpl.invoke0(Native Method)
at java.base/jdk.internal.reflect.NativeMethodAccessorImpl.invoke(NativeMethodAccessorImpl.java:64)
at java.base/jdk.internal.reflect.DelegatingMethodAccessorImpl.invoke(DelegatingMethodAccessorImpl.java:43)
at java.base/java.lang.reflect.Method.invoke(Method.java:564)
at org.testng.internal.MethodInvocationHelper.invokeMethod(MethodInvocationHelper.java:134)
at org.testng.internal.TestInvoker.invokeMethod(TestInvoker.java:597)
at org.testng.internal.TestInvoker.invokeTestMethod(TestInvoker.java:173)
at org.testng.internal.MethodRunner.runInSequence(MethodRunner.java:46)
at org.testng.internal.TestInvoker$MethodInvocationAgent.invoke(TestInvoker.java:816)
at org.testng.internal.TestInvoker.invokeTestMethods(TestInvoker.java:146)
at org.testng.internal.TestMethodWorker.invokeTestMethods(TestMethodWorker.java:146)
at org.testng.internal.TestMethodWorker.run(TestMethodWorker.java:128)
at java.base/java.util.ArrayList.forEach(ArrayList.java:1511)
at org.testng.TestRunner.privateRun(TestRunner.java:766)
at org.testng.TestRunner.run(TestRunner.java:587)
at org.testng.SuiteRunner.runTest(SuiteRunner.java:384)
at org.testng.SuiteRunner.access$000(SuiteRunner.java:28)
at org.testng.SuiteRunner$SuiteWorker.run(SuiteRunner.java:425)
at org.testng.internal.thread.ThreadUtil.lambda$execute$0(ThreadUtil.java:68)
at java.base/java.util.concurrent.FutureTask.run(FutureTask.java:264)
at java.base/java.util.concurrent.ThreadPoolExecutor.runWorker(ThreadPoolExecutor.java:1130)
at java.base/java.util.concurrent.ThreadPoolExecutor$Worker.run(ThreadPoolExecutor.java:630)
at java.base/java.lang.Thread.run(Thread.java:832)
]]>
            </full-stacktrace>
          </exception> <!-- java.lang.AssertionError -->
          <reporter-output>
          </reporter-output>
        </test-method> <!-- flightConfirmationPage -->
        <test-method is-config="true" signature="tearDown()[pri:0, instance:newtours.tests.BookFlightTest@5ba3f27a]" started-at="2021-11-03T20:07:31 IST" name="tearDown" finished-at="2021-11-03T20:07:31 IST" duration-ms="204" status="PASS">
          <reporter-output>
          </reporter-output>
        </test-method> <!-- tearDown -->
      </class> <!-- newtours.tests.BookFlightTest -->
    </test> <!-- book-flight-1 -->
    <test started-at="2021-11-03T20:06:38 IST" name="book-flight-2" finished-at="2021-11-03T20:07:33 IST" duration-ms="55406">
      <class name="newtours.tests.BookFlightTest">
        <test-method is-config="true" signature="startDocker()[pri:0, instance:newtours.tests.BookFlightTest@550dbc7a]" started-at="2021-11-03T20:06:09 IST" name="startDocker" finished-at="2021-11-03T20:06:38 IST" duration-ms="28740" status="PASS">
          <reporter-output>
          </reporter-output>
        </test-method> <!-- startDocker -->
        <test-method is-config="true" signature="LaunchApplication()[pri:0, instance:newtours.tests.BookFlightTest@550dbc7a]" started-at="2021-11-03T20:06:38 IST" name="LaunchApplication" finished-at="2021-11-03T20:07:28 IST" duration-ms="50373" status="PASS">
          <reporter-output>
          </reporter-output>
        </test-method> <!-- LaunchApplication -->
        <test-method is-config="true" signature="setupParameters(java.lang.String, java.lang.String)[pri:0, instance:newtours.tests.BookFlightTest@550dbc7a]" started-at="2021-11-03T20:07:28 IST" name="setupParameters" finished-at="2021-11-03T20:07:28 IST" depends-on-methods="testBase.BaseTest.LaunchApplication" duration-ms="0" status="PASS">
          <params>
            <param index="0">
              <value>
                <![CDATA[2]]>
              </value>
            </param>
            <param index="1">
              <value>
                <![CDATA[$1169 USD]]>
              </value>
            </param>
          </params>
          <reporter-output>
          </reporter-output>
        </test-method> <!-- setupParameters -->
        <test-method signature="registrationPage()[pri:0, instance:newtours.tests.BookFlightTest@550dbc7a]" started-at="2021-11-03T20:07:28 IST" name="registrationPage" finished-at="2021-11-03T20:07:29 IST" duration-ms="1164" status="PASS">
          <reporter-output>
          </reporter-output>
        </test-method> <!-- registrationPage -->
        <test-method signature="registrationConfirmationPage()[pri:0, instance:newtours.tests.BookFlightTest@550dbc7a]" started-at="2021-11-03T20:07:29 IST" name="registrationConfirmationPage" finished-at="2021-11-03T20:07:30 IST" depends-on-methods="newtours.tests.BookFlightTest.registrationPage" duration-ms="341" status="PASS">
          <reporter-output>
          </reporter-output>
        </test-method> <!-- registrationConfirmationPage -->
        <test-method signature="flightDetailsPage()[pri:0, instance:newtours.tests.BookFlightTest@550dbc7a]" started-at="2021-11-03T20:07:30 IST" name="flightDetailsPage" finished-at="2021-11-03T20:07:31 IST" depends-on-methods="newtours.tests.BookFlightTest.registrationConfirmationPage" duration-ms="1786" status="PASS">
          <reporter-output>
          </reporter-output>
        </test-method> <!-- flightDetailsPage -->
        <test-method signature="findFlightPage()[pri:0, instance:newtours.tests.BookFlightTest@550dbc7a]" started-at="2021-11-03T20:07:32 IST" name="findFlightPage" finished-at="2021-11-03T20:07:32 IST" depends-on-methods="newtours.tests.BookFlightTest.flightDetailsPage" duration-ms="875" status="PASS">
          <reporter-output>
          </reporter-output>
        </test-method> <!-- findFlightPage -->
        <test-method signature="flightConfirmationPage()[pri:0, instance:newtours.tests.BookFlightTest@550dbc7a]" started-at="2021-11-03T20:07:32 IST" name="flightConfirmationPage" finished-at="2021-11-03T20:07:33 IST" depends-on-methods="newtours.tests.BookFlightTest.findFlightPage" duration-ms="412" status="PASS">
          <reporter-output>
          </reporter-output>
        </test-method> <!-- flightConfirmationPage -->
        <test-method is-config="true" signature="tearDown()[pri:0, instance:newtours.tests.BookFlightTest@550dbc7a]" started-at="2021-11-03T20:07:33 IST" name="tearDown" finished-at="2021-11-03T20:07:33 IST" duration-ms="160" status="PASS">
          <reporter-output>
          </reporter-output>
        </test-method> <!-- tearDown -->
        <test-method is-config="true" signature="stopDocker()[pri:0, instance:newtours.tests.BookFlightTest@550dbc7a]" started-at="2021-11-03T20:07:33 IST" name="stopDocker" finished-at="2021-11-03T20:07:44 IST" duration-ms="10521" status="PASS">
          <reporter-output>
          </reporter-output>
        </test-method> <!-- stopDocker -->
      </class> <!-- newtours.tests.BookFlightTest -->
    </test> <!-- book-flight-2 -->
  </suite> <!-- book-flight-module -->
</testng-results>
